2025-04-29 03:38:46 - darkweb - INFO - Dark Web Monitoring Tool starting up
2025-04-29 03:38:46 - darkweb - INFO - Log level: INFO
2025-04-29 03:38:46 - darkweb - INFO - Development mode: True
2025-04-29 03:38:48 - darkweb - INFO - I2P module loaded successfully
2025-04-29 03:38:48 - darkweb - INFO - Freenet module loaded successfully
2025-04-29 03:38:48 - darkweb - INFO - TAILS module loaded successfully
2025-04-29 03:38:48 - darkweb.app - INFO - Starting Dark Web Monitoring API
2025-04-29 03:38:48 - darkweb.app - INFO - Starting Dark Web Monitoring API
2025-04-29 03:38:48 - darkweb.app - INFO - Initializing VPN connection
2025-04-29 03:38:48 - darkweb.app - INFO - Initializing VPN connection
2025-04-29 03:38:48 - darkweb.app - INFO - VPN status: True
2025-04-29 03:38:48 - darkweb.app - INFO - VPN status: True
2025-04-29 03:38:49 - darkweb - INFO - Dark Web Monitoring Tool starting up
2025-04-29 03:38:49 - darkweb - INFO - Log level: INFO
2025-04-29 03:38:49 - darkweb - INFO - Development mode: True
2025-04-29 03:38:49 - darkweb - INFO - I2P module loaded successfully
2025-04-29 03:38:49 - darkweb - INFO - Freenet module loaded successfully
2025-04-29 03:38:49 - darkweb - INFO - TAILS module loaded successfully
2025-04-29 03:38:49 - darkweb.app - INFO - Starting Dark Web Monitoring API
2025-04-29 03:38:49 - darkweb.app - INFO - Starting Dark Web Monitoring API
2025-04-29 03:38:49 - darkweb.app - INFO - Initializing VPN connection
2025-04-29 03:38:49 - darkweb.app - INFO - Initializing VPN connection
2025-04-29 03:38:49 - darkweb.app - INFO - VPN status: True
2025-04-29 03:38:49 - darkweb.app - INFO - VPN status: True
2025-04-29 04:11:50 - darkweb - INFO - Dark Web Monitoring Tool starting up
2025-04-29 04:11:50 - darkweb - INFO - Log level: INFO
2025-04-29 04:11:50 - darkweb - INFO - Development mode: True
2025-04-29 04:11:51 - darkweb - INFO - I2P module loaded successfully
2025-04-29 04:11:51 - darkweb - INFO - Freenet module loaded successfully
2025-04-29 04:11:51 - darkweb - INFO - TAILS module loaded successfully
2025-04-29 04:11:51 - darkweb.app - INFO - Starting Dark Web Monitoring API
2025-04-29 04:11:51 - darkweb.app - INFO - Starting Dark Web Monitoring API
2025-04-29 04:11:51 - darkweb.app - INFO - Initializing VPN connection
2025-04-29 04:11:51 - darkweb.app - INFO - Initializing VPN connection
2025-04-29 04:11:51 - darkweb.app - INFO - VPN status: True
2025-04-29 04:11:51 - darkweb.app - INFO - VPN status: True
2025-04-29 04:11:51 - darkweb - INFO - Dark Web Monitoring Tool starting up
2025-04-29 04:11:51 - darkweb - INFO - Log level: INFO
2025-04-29 04:11:51 - darkweb - INFO - Development mode: True
2025-04-29 04:11:52 - darkweb - INFO - I2P module loaded successfully
2025-04-29 04:11:52 - darkweb - INFO - Freenet module loaded successfully
2025-04-29 04:11:52 - darkweb - INFO - TAILS module loaded successfully
2025-04-29 04:11:52 - darkweb.app - INFO - Starting Dark Web Monitoring API
2025-04-29 04:11:52 - darkweb.app - INFO - Starting Dark Web Monitoring API
2025-04-29 04:11:52 - darkweb.app - INFO - Initializing VPN connection
2025-04-29 04:11:52 - darkweb.app - INFO - Initializing VPN connection
2025-04-29 04:11:52 - darkweb.app - INFO - VPN status: True
2025-04-29 04:11:52 - darkweb.app - INFO - VPN status: True
2025-04-29 07:18:49 - darkweb - INFO - Dark Web Monitoring Tool starting up
2025-04-29 07:18:49 - darkweb - INFO - Log level: INFO
2025-04-29 07:18:49 - darkweb - INFO - Development mode: True
2025-04-29 07:18:55 - darkweb - INFO - I2P module loaded successfully
2025-04-29 07:18:55 - darkweb - INFO - Freenet module loaded successfully
2025-04-29 07:18:55 - darkweb - INFO - TAILS module loaded successfully
2025-04-29 07:18:55 - darkweb.app - INFO - Starting Dark Web Monitoring API
2025-04-29 07:18:55 - darkweb.app - INFO - Starting Dark Web Monitoring API
2025-04-29 07:18:55 - darkweb.app - INFO - Initializing VPN connection
2025-04-29 07:18:55 - darkweb.app - INFO - Initializing VPN connection
2025-04-29 07:19:15 - darkweb.app - INFO - VPN status: True
2025-04-29 07:19:15 - darkweb.app - INFO - VPN status: True
2025-04-29 07:19:15 - darkweb - INFO - Dark Web Monitoring Tool starting up
2025-04-29 07:19:15 - darkweb - INFO - Log level: INFO
2025-04-29 07:19:15 - darkweb - INFO - Development mode: True
2025-04-29 07:19:16 - darkweb - INFO - I2P module loaded successfully
2025-04-29 07:19:16 - darkweb - INFO - Freenet module loaded successfully
2025-04-29 07:19:16 - darkweb - INFO - TAILS module loaded successfully
2025-04-29 07:19:16 - darkweb.app - INFO - Starting Dark Web Monitoring API
2025-04-29 07:19:16 - darkweb.app - INFO - Starting Dark Web Monitoring API
2025-04-29 07:19:16 - darkweb.app - INFO - Initializing VPN connection
2025-04-29 07:19:16 - darkweb.app - INFO - Initializing VPN connection
2025-04-29 07:19:36 - darkweb.app - INFO - VPN status: True
2025-04-29 07:19:36 - darkweb.app - INFO - VPN status: True
2025-04-29 07:33:06 - darkweb - INFO - Dark Web Monitoring Tool starting up
2025-04-29 07:33:06 - darkweb - INFO - Log level: INFO
2025-04-29 07:33:06 - darkweb - INFO - Development mode: True
2025-04-29 07:33:07 - darkweb - INFO - I2P module loaded successfully
2025-04-29 07:33:07 - darkweb - INFO - Freenet module loaded successfully
2025-04-29 07:33:07 - darkweb - INFO - TAILS module loaded successfully
2025-04-29 07:33:07 - darkweb.app - INFO - Starting Dark Web Monitoring API
2025-04-29 07:33:07 - darkweb.app - INFO - Starting Dark Web Monitoring API
2025-04-29 07:33:07 - darkweb.app - INFO - Initializing VPN connection
2025-04-29 07:33:07 - darkweb.app - INFO - Initializing VPN connection
2025-04-29 07:33:28 - darkweb.app - INFO - VPN status: True
2025-04-29 07:33:28 - darkweb.app - INFO - VPN status: True
2025-04-29 07:33:28 - darkweb - INFO - Dark Web Monitoring Tool starting up
2025-04-29 07:33:28 - darkweb - INFO - Log level: INFO
2025-04-29 07:33:28 - darkweb - INFO - Development mode: True
2025-04-29 07:33:29 - darkweb - INFO - I2P module loaded successfully
2025-04-29 07:33:29 - darkweb - INFO - Freenet module loaded successfully
2025-04-29 07:33:29 - darkweb - INFO - TAILS module loaded successfully
2025-04-29 07:33:29 - darkweb.app - INFO - Starting Dark Web Monitoring API
2025-04-29 07:33:29 - darkweb.app - INFO - Starting Dark Web Monitoring API
2025-04-29 07:33:29 - darkweb.app - INFO - Initializing VPN connection
2025-04-29 07:33:29 - darkweb.app - INFO - Initializing VPN connection
2025-04-29 07:33:48 - darkweb.app - INFO - VPN status: True
2025-04-29 07:33:48 - darkweb.app - INFO - VPN status: True
2025-04-29 07:39:31 - darkweb - INFO - Dark Web Monitoring Tool starting up
2025-04-29 07:39:31 - darkweb - INFO - Log level: INFO
2025-04-29 07:39:31 - darkweb - INFO - Development mode: True
2025-04-29 07:39:32 - darkweb - INFO - I2P module loaded successfully
2025-04-29 07:39:32 - darkweb - INFO - Freenet module loaded successfully
2025-04-29 07:39:32 - darkweb - INFO - TAILS module loaded successfully
2025-04-29 07:39:32 - darkweb.app - INFO - Starting Dark Web Monitoring API
2025-04-29 07:39:32 - darkweb.app - INFO - Starting Dark Web Monitoring API
2025-04-29 07:39:32 - darkweb.app - INFO - Initializing VPN connection
2025-04-29 07:39:32 - darkweb.app - INFO - Initializing VPN connection
2025-04-29 07:39:51 - darkweb.app - INFO - VPN status: True
2025-04-29 07:39:51 - darkweb.app - INFO - VPN status: True
2025-04-29 07:39:52 - darkweb - INFO - Dark Web Monitoring Tool starting up
2025-04-29 07:39:52 - darkweb - INFO - Log level: INFO
2025-04-29 07:39:52 - darkweb - INFO - Development mode: True
2025-04-29 07:39:53 - darkweb - INFO - I2P module loaded successfully
2025-04-29 07:39:53 - darkweb - INFO - Freenet module loaded successfully
2025-04-29 07:39:53 - darkweb - INFO - TAILS module loaded successfully
2025-04-29 07:39:53 - darkweb.app - INFO - Starting Dark Web Monitoring API
2025-04-29 07:39:53 - darkweb.app - INFO - Starting Dark Web Monitoring API
2025-04-29 07:39:53 - darkweb.app - INFO - Initializing VPN connection
2025-04-29 07:39:53 - darkweb.app - INFO - Initializing VPN connection
2025-04-29 07:40:12 - darkweb.app - INFO - VPN status: True
2025-04-29 07:40:12 - darkweb.app - INFO - VPN status: True
2025-04-29 07:41:29 - darkweb - INFO - Dark Web Monitoring Tool starting up
2025-04-29 07:41:29 - darkweb - INFO - Log level: INFO
2025-04-29 07:41:29 - darkweb - INFO - Development mode: True
2025-04-29 07:41:30 - darkweb - INFO - I2P module loaded successfully
2025-04-29 07:41:30 - darkweb - INFO - Freenet module loaded successfully
2025-04-29 07:41:30 - darkweb - INFO - TAILS module loaded successfully
2025-04-29 07:41:30 - darkweb.app - INFO - Starting Dark Web Monitoring API
2025-04-29 07:41:30 - darkweb.app - INFO - Starting Dark Web Monitoring API
2025-04-29 07:41:30 - darkweb.app - INFO - Initializing VPN connection
2025-04-29 07:41:30 - darkweb.app - INFO - Initializing VPN connection
2025-04-29 07:41:46 - darkweb.app - INFO - VPN status: True
2025-04-29 07:41:46 - darkweb.app - INFO - VPN status: True
2025-04-29 07:41:47 - darkweb - INFO - Dark Web Monitoring Tool starting up
2025-04-29 07:41:47 - darkweb - INFO - Log level: INFO
2025-04-29 07:41:47 - darkweb - INFO - Development mode: True
2025-04-29 07:41:49 - darkweb - INFO - I2P module loaded successfully
2025-04-29 07:41:49 - darkweb - INFO - Freenet module loaded successfully
2025-04-29 07:41:49 - darkweb - INFO - TAILS module loaded successfully
2025-04-29 07:41:49 - darkweb.app - INFO - Starting Dark Web Monitoring API
2025-04-29 07:41:49 - darkweb.app - INFO - Starting Dark Web Monitoring API
2025-04-29 07:41:49 - darkweb.app - INFO - Initializing VPN connection
2025-04-29 07:41:49 - darkweb.app - INFO - Initializing VPN connection
2025-04-29 07:41:52 - darkweb.app - INFO - VPN status: True
2025-04-29 07:41:52 - darkweb.app - INFO - VPN status: True
2025-04-29 07:48:33 - darkweb - INFO - Dark Web Monitoring Tool starting up
2025-04-29 07:48:33 - darkweb - INFO - Log level: INFO
2025-04-29 07:48:33 - darkweb - INFO - Development mode: True
2025-04-29 07:48:34 - darkweb - INFO - I2P module loaded successfully
2025-04-29 07:48:34 - darkweb - INFO - Freenet module loaded successfully
2025-04-29 07:48:34 - darkweb - INFO - TAILS module loaded successfully
2025-04-29 07:48:34 - darkweb.app - INFO - Starting Dark Web Monitoring API
2025-04-29 07:48:34 - darkweb.app - INFO - Starting Dark Web Monitoring API
2025-04-29 07:48:34 - darkweb.app - INFO - Initializing VPN connection
2025-04-29 07:48:34 - darkweb.app - INFO - Initializing VPN connection
2025-04-29 07:48:57 - darkweb.app - INFO - VPN status: True
2025-04-29 07:48:57 - darkweb.app - INFO - VPN status: True
2025-04-29 07:48:57 - darkweb - INFO - Dark Web Monitoring Tool starting up
2025-04-29 07:48:57 - darkweb - INFO - Log level: INFO
2025-04-29 07:48:57 - darkweb - INFO - Development mode: True
2025-04-29 07:48:58 - darkweb - INFO - I2P module loaded successfully
2025-04-29 07:48:58 - darkweb - INFO - Freenet module loaded successfully
2025-04-29 07:48:58 - darkweb - INFO - TAILS module loaded successfully
2025-04-29 07:48:58 - darkweb.app - INFO - Starting Dark Web Monitoring API
2025-04-29 07:48:58 - darkweb.app - INFO - Starting Dark Web Monitoring API
2025-04-29 07:48:58 - darkweb.app - INFO - Initializing VPN connection
2025-04-29 07:48:58 - darkweb.app - INFO - Initializing VPN connection
2025-04-29 07:49:19 - darkweb.app - INFO - VPN status: True
2025-04-29 07:49:19 - darkweb.app - INFO - VPN status: True
2025-04-29 08:04:50 - darkweb - INFO - Dark Web Monitoring Tool starting up
2025-04-29 08:04:50 - darkweb - INFO - Log level: INFO
2025-04-29 08:04:50 - darkweb - INFO - Development mode: True
2025-04-29 08:04:51 - darkweb - INFO - I2P module loaded successfully
2025-04-29 08:04:51 - darkweb - INFO - Freenet module loaded successfully
2025-04-29 08:04:51 - darkweb - INFO - TAILS module loaded successfully
2025-04-29 08:04:51 - darkweb.app - INFO - Starting Dark Web Monitoring API
2025-04-29 08:04:51 - darkweb.app - INFO - Starting Dark Web Monitoring API
2025-04-29 08:04:51 - darkweb.app - INFO - Initializing VPN connection
2025-04-29 08:04:51 - darkweb.app - INFO - Initializing VPN connection
2025-04-29 08:04:52 - darkweb.app - INFO - VPN status: True
2025-04-29 08:04:52 - darkweb.app - INFO - VPN status: True
2025-04-29 08:04:53 - darkweb - INFO - Dark Web Monitoring Tool starting up
2025-04-29 08:04:53 - darkweb - INFO - Log level: INFO
2025-04-29 08:04:53 - darkweb - INFO - Development mode: True
2025-04-29 08:04:53 - darkweb - INFO - I2P module loaded successfully
2025-04-29 08:04:53 - darkweb - INFO - Freenet module loaded successfully
2025-04-29 08:04:53 - darkweb - INFO - TAILS module loaded successfully
2025-04-29 08:04:53 - darkweb.app - INFO - Starting Dark Web Monitoring API
2025-04-29 08:04:53 - darkweb.app - INFO - Starting Dark Web Monitoring API
2025-04-29 08:04:53 - darkweb.app - INFO - Initializing VPN connection
2025-04-29 08:04:53 - darkweb.app - INFO - Initializing VPN connection
2025-04-29 08:04:54 - darkweb.app - INFO - VPN status: True
2025-04-29 08:04:54 - darkweb.app - INFO - VPN status: True
2025-04-29 10:10:03 - darkweb - INFO - Dark Web Monitoring Tool starting up
2025-04-29 10:10:03 - darkweb - INFO - Log level: INFO
2025-04-29 10:10:03 - darkweb - INFO - Development mode: True
2025-04-29 10:10:04 - darkweb - INFO - I2P module loaded successfully
2025-04-29 10:10:04 - darkweb - INFO - Freenet module loaded successfully
2025-04-29 10:10:04 - darkweb - INFO - TAILS module loaded successfully
2025-04-29 10:10:04 - darkweb.app - INFO - Starting Dark Web Monitoring API
2025-04-29 10:10:04 - darkweb.app - INFO - Starting Dark Web Monitoring API
2025-04-29 10:10:04 - darkweb.app - INFO - Initializing VPN connection
2025-04-29 10:10:04 - darkweb.app - INFO - Initializing VPN connection
2025-04-29 10:10:33 - darkweb - INFO - Dark Web Monitoring Tool starting up
2025-04-29 10:10:33 - darkweb - INFO - Log level: INFO
2025-04-29 10:10:33 - darkweb - INFO - Development mode: True
2025-04-29 10:10:34 - darkweb - INFO - I2P module loaded successfully
2025-04-29 10:10:34 - darkweb - INFO - Freenet module loaded successfully
2025-04-29 10:10:34 - darkweb - INFO - TAILS module loaded successfully
2025-04-29 10:10:34 - darkweb.app - INFO - Starting Dark Web Monitoring API
2025-04-29 10:10:34 - darkweb.app - INFO - Starting Dark Web Monitoring API
2025-04-29 10:10:34 - darkweb.app - INFO - Initializing VPN connection
2025-04-29 10:10:34 - darkweb.app - INFO - Initializing VPN connection
2025-04-29 10:10:35 - darkweb.app - INFO - VPN status: True
2025-04-29 10:10:35 - darkweb.app - INFO - VPN status: True
2025-04-29 10:10:35 - darkweb - INFO - Dark Web Monitoring Tool starting up
2025-04-29 10:10:35 - darkweb - INFO - Log level: INFO
2025-04-29 10:10:35 - darkweb - INFO - Development mode: True
2025-04-29 10:10:36 - darkweb - INFO - I2P module loaded successfully
2025-04-29 10:10:36 - darkweb - INFO - Freenet module loaded successfully
2025-04-29 10:10:36 - darkweb - INFO - TAILS module loaded successfully
2025-04-29 10:10:36 - darkweb.app - INFO - Starting Dark Web Monitoring API
2025-04-29 10:10:36 - darkweb.app - INFO - Starting Dark Web Monitoring API
2025-04-29 10:10:36 - darkweb.app - INFO - Initializing VPN connection
2025-04-29 10:10:36 - darkweb.app - INFO - Initializing VPN connection
2025-04-29 10:10:37 - darkweb.app - INFO - VPN status: True
2025-04-29 10:10:37 - darkweb.app - INFO - VPN status: True
2025-04-29 10:13:10 - darkweb.app - INFO - VPN status: True
2025-04-29 10:13:10 - darkweb.app - INFO - VPN status: True
2025-04-29 10:13:11 - darkweb - INFO - Dark Web Monitoring Tool starting up
2025-04-29 10:13:11 - darkweb - INFO - Log level: INFO
2025-04-29 10:13:11 - darkweb - INFO - Development mode: True
2025-04-29 10:13:11 - darkweb - INFO - I2P module loaded successfully
2025-04-29 10:13:11 - darkweb - INFO - Freenet module loaded successfully
2025-04-29 10:13:11 - darkweb - INFO - TAILS module loaded successfully
2025-04-29 10:13:11 - darkweb.app - INFO - Starting Dark Web Monitoring API
2025-04-29 10:13:11 - darkweb.app - INFO - Starting Dark Web Monitoring API
2025-04-29 10:13:11 - darkweb.app - INFO - Initializing VPN connection
2025-04-29 10:13:11 - darkweb.app - INFO - Initializing VPN connection
2025-04-29 10:16:17 - darkweb.app - INFO - VPN status: True
2025-04-29 10:16:17 - darkweb.app - INFO - VPN status: True
2025-04-29 10:21:39 - darkweb - INFO - Dark Web Monitoring Tool starting up
2025-04-29 10:21:39 - darkweb - INFO - Log level: INFO
2025-04-29 10:21:39 - darkweb - INFO - Development mode: True
2025-04-29 10:21:39 - darkweb - INFO - Dark Web Monitoring Tool starting up
2025-04-29 10:21:39 - darkweb - INFO - Log level: INFO
2025-04-29 10:21:39 - darkweb - INFO - Development mode: True
2025-04-29 10:21:40 - darkweb - INFO - I2P module loaded successfully
2025-04-29 10:21:40 - darkweb - INFO - Freenet module loaded successfully
2025-04-29 10:21:40 - darkweb - INFO - TAILS module loaded successfully
2025-04-29 10:21:40 - darkweb - INFO - Freenet module loaded successfully
2025-04-29 10:21:40 - darkweb - INFO - TAILS module loaded successfully
2025-04-29 10:21:40 - darkweb.app - INFO - Starting Dark Web Monitoring API
2025-04-29 10:21:40 - darkweb.app - INFO - Starting Dark Web Monitoring API
2025-04-29 10:21:40 - darkweb.app - INFO - Initializing VPN connection
2025-04-29 10:21:40 - darkweb.app - INFO - Initializing VPN connection
2025-04-29 10:21:40 - darkweb.app - INFO - Starting Dark Web Monitoring API
2025-04-29 10:21:40 - darkweb.app - INFO - Starting Dark Web Monitoring API
2025-04-29 10:21:40 - darkweb.app - INFO - Initializing VPN connection
2025-04-29 10:21:40 - darkweb.app - INFO - Initializing VPN connection
2025-04-29 10:21:41 - darkweb.app - INFO - VPN status: True
2025-04-29 10:21:41 - darkweb.app - INFO - VPN status: True
2025-04-29 10:23:45 - darkweb.app - INFO - VPN status: True
2025-04-29 10:23:45 - darkweb.app - INFO - VPN status: True
2025-04-29 10:56:51 - darkweb - INFO - Dark Web Monitoring Tool starting up
2025-04-29 10:56:51 - darkweb - INFO - Log level: INFO
2025-04-29 10:56:51 - darkweb - INFO - Development mode: False
2025-04-29 10:56:51 - darkweb - INFO - I2P module loaded successfully
2025-04-29 10:56:51 - darkweb - INFO - Freenet module loaded successfully
2025-04-29 10:56:51 - darkweb - INFO - TAILS module loaded successfully
2025-04-29 10:56:51 - darkweb.app - INFO - Starting Dark Web Monitoring API
2025-04-29 10:56:51 - darkweb.app - INFO - Starting Dark Web Monitoring API
2025-04-29 10:56:51 - darkweb.app - INFO - Initializing VPN connection
2025-04-29 10:56:51 - darkweb.app - INFO - Initializing VPN connection
2025-04-29 12:22:20 - darkweb - INFO - Dark Web Monitoring Tool starting up
2025-04-29 12:22:20 - darkweb - INFO - Log level: INFO
2025-04-29 12:22:20 - darkweb - INFO - Development mode: False
2025-04-29 12:22:26 - darkweb - INFO - I2P module loaded successfully
2025-04-29 12:22:26 - darkweb - INFO - Freenet module loaded successfully
2025-04-29 12:22:26 - darkweb - INFO - TAILS module loaded successfully
2025-04-29 12:22:26 - darkweb.app - INFO - Starting Dark Web Monitoring API
2025-04-29 12:22:26 - darkweb.app - INFO - Starting Dark Web Monitoring API
2025-04-29 12:22:26 - darkweb.app - INFO - Initializing VPN connection
2025-04-29 12:22:26 - darkweb.app - INFO - Initializing VPN connection
2025-04-29 12:22:26 - darkweb.app - INFO - VPN status: True
2025-04-29 12:22:26 - darkweb.app - INFO - VPN status: True
2025-04-29 12:22:27 - darkweb - INFO - Dark Web Monitoring Tool starting up
2025-04-29 12:22:27 - darkweb - INFO - Log level: INFO
2025-04-29 12:22:27 - darkweb - INFO - Development mode: False
2025-04-29 12:22:28 - darkweb - INFO - I2P module loaded successfully
2025-04-29 12:22:28 - darkweb - INFO - Freenet module loaded successfully
2025-04-29 12:22:28 - darkweb - INFO - TAILS module loaded successfully
2025-04-29 12:22:28 - darkweb.app - INFO - Starting Dark Web Monitoring API
2025-04-29 12:22:28 - darkweb.app - INFO - Starting Dark Web Monitoring API
2025-04-29 12:22:28 - darkweb.app - INFO - Initializing VPN connection
2025-04-29 12:22:28 - darkweb.app - INFO - Initializing VPN connection
2025-04-29 12:22:28 - darkweb.app - INFO - VPN status: True
2025-04-29 12:22:28 - darkweb.app - INFO - VPN status: True
2025-04-29 12:27:45 - darkweb - INFO - Dark Web Monitoring Tool starting up
2025-04-29 12:27:45 - darkweb - INFO - Log level: INFO
2025-04-29 12:27:45 - darkweb - INFO - Development mode: False
2025-04-29 12:27:52 - darkweb - INFO - I2P module loaded successfully
2025-04-29 12:27:52 - darkweb - INFO - Freenet module loaded successfully
2025-04-29 12:27:52 - darkweb - INFO - TAILS module loaded successfully
2025-04-29 12:27:52 - darkweb.app - INFO - Starting Dark Web Monitoring API
2025-04-29 12:27:52 - darkweb.app - INFO - Starting Dark Web Monitoring API
2025-04-29 12:27:52 - darkweb.app - INFO - Initializing VPN connection
2025-04-29 12:27:52 - darkweb.app - INFO - Initializing VPN connection
2025-04-29 12:27:52 - darkweb.app - INFO - VPN status: True
2025-04-29 12:27:52 - darkweb.app - INFO - VPN status: True
2025-04-29 12:27:52 - darkweb - INFO - Dark Web Monitoring Tool starting up
2025-04-29 12:27:52 - darkweb - INFO - Log level: INFO
2025-04-29 12:27:52 - darkweb - INFO - Development mode: False
2025-04-29 12:27:54 - darkweb - INFO - I2P module loaded successfully
2025-04-29 12:27:54 - darkweb - INFO - Freenet module loaded successfully
2025-04-29 12:27:54 - darkweb - INFO - TAILS module loaded successfully
2025-04-29 12:27:54 - darkweb.app - INFO - Starting Dark Web Monitoring API
2025-04-29 12:27:54 - darkweb.app - INFO - Starting Dark Web Monitoring API
2025-04-29 12:27:54 - darkweb.app - INFO - Initializing VPN connection
2025-04-29 12:27:54 - darkweb.app - INFO - Initializing VPN connection
2025-04-29 12:27:54 - darkweb.app - INFO - VPN status: True
2025-04-29 12:27:54 - darkweb.app - INFO - VPN status: True
2025-04-29 12:37:02 - darkweb - INFO - Dark Web Monitoring Tool starting up
2025-04-29 12:37:02 - darkweb - INFO - Log level: INFO
2025-04-29 12:37:02 - darkweb - INFO - Development mode: False
2025-04-29 12:37:03 - darkweb - INFO - I2P module loaded successfully
2025-04-29 12:37:03 - darkweb - INFO - Freenet module loaded successfully
2025-04-29 12:37:03 - darkweb - INFO - TAILS module loaded successfully
2025-04-29 12:37:03 - darkweb.app - INFO - Starting Dark Web Monitoring API
2025-04-29 12:37:03 - darkweb.app - INFO - Starting Dark Web Monitoring API
2025-04-29 12:37:03 - darkweb.app - INFO - Initializing VPN connection
2025-04-29 12:37:03 - darkweb.app - INFO - Initializing VPN connection
2025-04-29 13:06:53 - darkweb - INFO - Dark Web Monitoring Tool starting up
2025-04-29 13:06:53 - darkweb - INFO - Log level: INFO
2025-04-29 13:06:53 - darkweb - INFO - Development mode: False
2025-04-29 13:06:54 - darkweb - INFO - I2P module loaded successfully
2025-04-29 13:06:54 - darkweb - INFO - Freenet module loaded successfully
2025-04-29 13:06:54 - darkweb - INFO - TAILS module loaded successfully
2025-04-29 13:06:54 - darkweb.app - INFO - Starting Dark Web Monitoring API
2025-04-29 13:06:54 - darkweb.app - INFO - Starting Dark Web Monitoring API
2025-04-29 13:06:54 - darkweb.app - INFO - Initializing VPN connection
2025-04-29 13:06:54 - darkweb.app - INFO - Initializing VPN connection
2025-04-29 13:10:12 - darkweb - INFO - Dark Web Monitoring Tool starting up
2025-04-29 13:10:12 - darkweb - INFO - Log level: INFO
2025-04-29 13:10:12 - darkweb - INFO - Development mode: False
2025-04-29 13:10:13 - darkweb - INFO - I2P module loaded successfully
2025-04-29 13:10:13 - darkweb - INFO - Freenet module loaded successfully
2025-04-29 13:10:13 - darkweb - INFO - TAILS module loaded successfully
2025-04-29 13:10:13 - darkweb.app - INFO - Starting Dark Web Monitoring API
2025-04-29 13:10:13 - darkweb.app - INFO - Starting Dark Web Monitoring API
2025-04-29 13:10:13 - darkweb.app - INFO - Initializing VPN connection
2025-04-29 13:10:13 - darkweb.app - INFO - Initializing VPN connection
2025-04-29 13:10:59 - darkweb - INFO - Dark Web Monitoring Tool starting up
2025-04-29 13:10:59 - darkweb - INFO - Log level: INFO
2025-04-29 13:10:59 - darkweb - INFO - Development mode: True
2025-04-29 13:10:59 - darkweb - INFO - I2P module loaded successfully
2025-04-29 13:10:59 - darkweb - INFO - Freenet module loaded successfully
2025-04-29 13:10:59 - darkweb - INFO - TAILS module loaded successfully
2025-04-29 13:10:59 - darkweb.app - INFO - Starting Dark Web Monitoring API
2025-04-29 13:10:59 - darkweb.app - INFO - Starting Dark Web Monitoring API
2025-04-29 13:10:59 - darkweb.app - INFO - Initializing VPN connection
2025-04-29 13:10:59 - darkweb.app - INFO - Initializing VPN connection
2025-04-29 13:10:59 - darkweb.app - INFO - VPN status: True
2025-04-29 13:10:59 - darkweb.app - INFO - VPN status: True
2025-04-29 13:10:59 - darkweb - INFO - Dark Web Monitoring Tool starting up
2025-04-29 13:10:59 - darkweb - INFO - Log level: INFO
2025-04-29 13:10:59 - darkweb - INFO - Development mode: True
2025-04-29 13:11:00 - darkweb - INFO - I2P module loaded successfully
2025-04-29 13:11:00 - darkweb - INFO - Freenet module loaded successfully
2025-04-29 13:11:00 - darkweb - INFO - TAILS module loaded successfully
2025-04-29 13:11:00 - darkweb.app - INFO - Starting Dark Web Monitoring API
2025-04-29 13:11:00 - darkweb.app - INFO - Starting Dark Web Monitoring API
2025-04-29 13:11:00 - darkweb.app - INFO - Initializing VPN connection
2025-04-29 13:11:00 - darkweb.app - INFO - Initializing VPN connection
2025-04-29 13:11:00 - darkweb.app - INFO - VPN status: True
2025-04-29 13:11:00 - darkweb.app - INFO - VPN status: True
2025-04-29 13:19:32 - darkweb - INFO - Dark Web Monitoring Tool starting up
2025-04-29 13:19:32 - darkweb - INFO - Log level: INFO
2025-04-29 13:19:32 - darkweb - INFO - Development mode: True
2025-04-29 13:19:33 - darkweb - INFO - I2P module loaded successfully
2025-04-29 13:19:33 - darkweb - INFO - Freenet module loaded successfully
2025-04-29 13:19:33 - darkweb - INFO - TAILS module loaded successfully
2025-04-29 13:19:33 - darkweb.app - INFO - Starting Dark Web Monitoring API
2025-04-29 13:19:33 - darkweb.app - INFO - Starting Dark Web Monitoring API
2025-04-29 13:19:33 - darkweb.app - INFO - Initializing VPN connection
2025-04-29 13:19:33 - darkweb.app - INFO - Initializing VPN connection
2025-04-29 13:19:33 - darkweb.app - INFO - VPN status: True
2025-04-29 13:19:33 - darkweb.app - INFO - VPN status: True
2025-04-29 13:19:33 - darkweb - INFO - Dark Web Monitoring Tool starting up
2025-04-29 13:19:33 - darkweb - INFO - Log level: INFO
2025-04-29 13:19:33 - darkweb - INFO - Development mode: True
2025-04-29 13:19:34 - darkweb - INFO - I2P module loaded successfully
2025-04-29 13:19:34 - darkweb - INFO - Freenet module loaded successfully
2025-04-29 13:19:34 - darkweb - INFO - TAILS module loaded successfully
2025-04-29 13:19:34 - darkweb.app - INFO - Starting Dark Web Monitoring API
2025-04-29 13:19:34 - darkweb.app - INFO - Starting Dark Web Monitoring API
2025-04-29 13:19:34 - darkweb.app - INFO - Initializing VPN connection
2025-04-29 13:19:34 - darkweb.app - INFO - Initializing VPN connection
2025-04-29 13:19:34 - darkweb.app - INFO - VPN status: True
2025-04-29 13:19:34 - darkweb.app - INFO - VPN status: True
2025-04-29 13:19:46 - darkweb.app - WARNING - Enhanced crawler not available, falling back to original crawler
2025-04-29 13:19:46 - darkweb.app - WARNING - Enhanced crawler not available, falling back to original crawler
2025-04-29 13:23:02 - darkweb - INFO - Dark Web Monitoring Tool starting up
2025-04-29 13:23:02 - darkweb - INFO - Log level: INFO
2025-04-29 13:23:02 - darkweb - INFO - Development mode: True
2025-04-29 13:23:02 - darkweb - INFO - I2P module loaded successfully
2025-04-29 13:23:02 - darkweb - INFO - Freenet module loaded successfully
2025-04-29 13:23:02 - darkweb - INFO - TAILS module loaded successfully
2025-04-29 13:23:02 - darkweb.app - INFO - Starting Dark Web Monitoring API
2025-04-29 13:23:02 - darkweb.app - INFO - Starting Dark Web Monitoring API
2025-04-29 13:23:02 - darkweb.app - INFO - Initializing VPN connection
2025-04-29 13:23:02 - darkweb.app - INFO - Initializing VPN connection
2025-04-29 13:23:02 - darkweb.app - INFO - VPN status: True
2025-04-29 13:23:02 - darkweb.app - INFO - VPN status: True
2025-04-29 13:23:03 - darkweb - INFO - Dark Web Monitoring Tool starting up
2025-04-29 13:23:03 - darkweb - INFO - Log level: INFO
2025-04-29 13:23:03 - darkweb - INFO - Development mode: True
2025-04-29 13:23:03 - darkweb - INFO - I2P module loaded successfully
2025-04-29 13:23:03 - darkweb - INFO - Freenet module loaded successfully
2025-04-29 13:23:03 - darkweb - INFO - TAILS module loaded successfully
2025-04-29 13:23:03 - darkweb.app - INFO - Starting Dark Web Monitoring API
2025-04-29 13:23:03 - darkweb.app - INFO - Starting Dark Web Monitoring API
2025-04-29 13:23:03 - darkweb.app - INFO - Initializing VPN connection
2025-04-29 13:23:03 - darkweb.app - INFO - Initializing VPN connection
2025-04-29 13:23:03 - darkweb.app - INFO - VPN status: True
2025-04-29 13:23:03 - darkweb.app - INFO - VPN status: True
2025-04-29 13:32:52 - darkweb - INFO - Dark Web Monitoring Tool starting up
2025-04-29 13:32:52 - darkweb - INFO - Log level: INFO
2025-04-29 13:32:52 - darkweb - INFO - Development mode: True
2025-04-29 13:32:53 - darkweb - INFO - I2P module loaded successfully
2025-04-29 13:32:53 - darkweb - INFO - Freenet module loaded successfully
2025-04-29 13:32:53 - darkweb - INFO - TAILS module loaded successfully
2025-04-29 13:32:53 - darkweb.app - INFO - Starting Dark Web Monitoring API
2025-04-29 13:32:53 - darkweb.app - INFO - Starting Dark Web Monitoring API
2025-04-29 13:32:53 - darkweb.app - INFO - Initializing VPN connection
2025-04-29 13:32:53 - darkweb.app - INFO - Initializing VPN connection
2025-04-29 13:32:53 - darkweb.app - INFO - VPN status: True
2025-04-29 13:32:53 - darkweb.app - INFO - VPN status: True
2025-04-29 13:32:53 - darkweb - INFO - Dark Web Monitoring Tool starting up
2025-04-29 13:32:53 - darkweb - INFO - Log level: INFO
2025-04-29 13:32:53 - darkweb - INFO - Development mode: True
2025-04-29 13:32:53 - darkweb - INFO - I2P module loaded successfully
2025-04-29 13:32:53 - darkweb - INFO - Freenet module loaded successfully
2025-04-29 13:32:53 - darkweb - INFO - TAILS module loaded successfully
2025-04-29 13:32:53 - darkweb.app - INFO - Starting Dark Web Monitoring API
2025-04-29 13:32:53 - darkweb.app - INFO - Starting Dark Web Monitoring API
2025-04-29 13:32:53 - darkweb.app - INFO - Initializing VPN connection
2025-04-29 13:32:53 - darkweb.app - INFO - Initializing VPN connection
2025-04-29 13:32:53 - darkweb.app - INFO - VPN status: True
2025-04-29 13:32:53 - darkweb.app - INFO - VPN status: True
2025-04-29 13:40:13 - darkweb - INFO - Dark Web Monitoring Tool starting up
2025-04-29 13:40:13 - darkweb - INFO - Log level: INFO
2025-04-29 13:40:13 - darkweb - INFO - Development mode: True
2025-04-29 13:40:13 - darkweb - INFO - I2P module loaded successfully
2025-04-29 13:40:13 - darkweb - INFO - Freenet module loaded successfully
2025-04-29 13:40:13 - darkweb - INFO - TAILS module loaded successfully
2025-04-29 13:40:13 - darkweb.app - INFO - Starting Dark Web Monitoring API
2025-04-29 13:40:13 - darkweb.app - INFO - Starting Dark Web Monitoring API
2025-04-29 13:40:13 - darkweb.app - INFO - Initializing VPN connection
2025-04-29 13:40:13 - darkweb.app - INFO - Initializing VPN connection
2025-04-29 13:40:13 - darkweb.app - INFO - VPN status: True
2025-04-29 13:40:13 - darkweb.app - INFO - VPN status: True
2025-04-29 13:40:14 - darkweb - INFO - Dark Web Monitoring Tool starting up
2025-04-29 13:40:14 - darkweb - INFO - Log level: INFO
2025-04-29 13:40:14 - darkweb - INFO - Development mode: True
2025-04-29 13:40:14 - darkweb - INFO - I2P module loaded successfully
2025-04-29 13:40:14 - darkweb - INFO - Freenet module loaded successfully
2025-04-29 13:40:14 - darkweb - INFO - TAILS module loaded successfully
2025-04-29 13:40:14 - darkweb.app - INFO - Starting Dark Web Monitoring API
2025-04-29 13:40:14 - darkweb.app - INFO - Starting Dark Web Monitoring API
2025-04-29 13:40:14 - darkweb.app - INFO - Initializing VPN connection
2025-04-29 13:40:14 - darkweb.app - INFO - Initializing VPN connection
2025-04-29 13:40:14 - darkweb.app - INFO - VPN status: True
2025-04-29 13:40:14 - darkweb.app - INFO - VPN status: True
2025-04-29 13:40:41 - darkweb.app - WARNING - Enhanced crawler not available, falling back to original crawler: No module named 'dns'
2025-04-29 13:40:41 - darkweb.app - WARNING - Enhanced crawler not available, falling back to original crawler: No module named 'dns'
2025-04-29 13:41:10 - darkweb.app - WARNING - Enhanced crawler not available, falling back to original crawler: No module named 'dns'
2025-04-29 13:41:10 - darkweb.app - WARNING - Enhanced crawler not available, falling back to original crawler: No module named 'dns'
2025-04-29 13:50:58 - darkweb - INFO - Dark Web Monitoring Tool starting up
2025-04-29 13:50:58 - darkweb - INFO - Log level: INFO
2025-04-29 13:50:58 - darkweb - INFO - Development mode: True
2025-04-29 13:51:05 - darkweb - INFO - I2P module loaded successfully
2025-04-29 13:51:05 - darkweb - INFO - Freenet module loaded successfully
2025-04-29 13:51:05 - darkweb - INFO - TAILS module loaded successfully
2025-04-29 13:51:05 - darkweb.app - INFO - Starting Dark Web Monitoring API
2025-04-29 13:51:05 - darkweb.app - INFO - Starting Dark Web Monitoring API
2025-04-29 13:51:05 - darkweb.app - INFO - Initializing VPN connection
2025-04-29 13:51:05 - darkweb.app - INFO - Initializing VPN connection
2025-04-29 13:51:05 - darkweb.app - INFO - VPN status: True
2025-04-29 13:51:05 - darkweb.app - INFO - VPN status: True
2025-04-29 13:51:56 - darkweb - INFO - Dark Web Monitoring Tool starting up
2025-04-29 13:51:56 - darkweb - INFO - Log level: INFO
2025-04-29 13:51:56 - darkweb - INFO - Development mode: True
2025-04-29 13:51:57 - darkweb - INFO - I2P module loaded successfully
2025-04-29 13:51:57 - darkweb - INFO - Freenet module loaded successfully
2025-04-29 13:51:57 - darkweb - INFO - TAILS module loaded successfully
2025-04-29 13:51:57 - darkweb.app - INFO - Starting Dark Web Monitoring API
2025-04-29 13:51:57 - darkweb.app - INFO - Starting Dark Web Monitoring API
2025-04-29 13:51:57 - darkweb.app - INFO - Initializing VPN connection
2025-04-29 13:51:57 - darkweb.app - INFO - Initializing VPN connection
2025-04-29 13:51:57 - darkweb.app - INFO - VPN status: True
2025-04-29 13:51:57 - darkweb.app - INFO - VPN status: True
2025-04-29 13:51:57 - darkweb - INFO - Dark Web Monitoring Tool starting up
2025-04-29 13:51:57 - darkweb - INFO - Log level: INFO
2025-04-29 13:51:57 - darkweb - INFO - Development mode: True
2025-04-29 13:51:57 - darkweb - INFO - I2P module loaded successfully
2025-04-29 13:51:57 - darkweb - INFO - Freenet module loaded successfully
2025-04-29 13:51:57 - darkweb - INFO - TAILS module loaded successfully
2025-04-29 13:51:57 - darkweb.app - INFO - Starting Dark Web Monitoring API
2025-04-29 13:51:57 - darkweb.app - INFO - Starting Dark Web Monitoring API
2025-04-29 13:51:57 - darkweb.app - INFO - Initializing VPN connection
2025-04-29 13:51:57 - darkweb.app - INFO - Initializing VPN connection
2025-04-29 13:51:58 - darkweb.app - INFO - VPN status: True
2025-04-29 13:51:58 - darkweb.app - INFO - VPN status: True
2025-04-29 13:52:17 - darkweb.app - WARNING - Enhanced crawler not available, falling back to original crawler: No module named 'dns'
2025-04-29 13:52:17 - darkweb.app - WARNING - Enhanced crawler not available, falling back to original crawler: No module named 'dns'
2025-04-29 13:53:28 - darkweb.app - WARNING - Enhanced crawler not available, falling back to original crawler: No module named 'dns'
2025-04-29 13:53:28 - darkweb.app - WARNING - Enhanced crawler not available, falling back to original crawler: No module named 'dns'
2025-04-29 14:41:48 - darkweb - INFO - Dark Web Monitoring Tool starting up
2025-04-29 14:41:48 - darkweb - INFO - Log level: INFO
2025-04-29 14:41:48 - darkweb - INFO - Development mode: True
2025-04-29 14:41:49 - darkweb - INFO - I2P module loaded successfully
2025-04-29 14:41:49 - darkweb - INFO - Freenet module loaded successfully
2025-04-29 14:41:49 - darkweb - INFO - TAILS module loaded successfully
2025-04-29 14:41:49 - darkweb.app - INFO - Starting Dark Web Monitoring API
2025-04-29 14:41:49 - darkweb.app - INFO - Starting Dark Web Monitoring API
2025-04-29 14:41:49 - darkweb.app - INFO - Initializing VPN connection
2025-04-29 14:41:49 - darkweb.app - INFO - Initializing VPN connection
2025-04-29 14:41:49 - darkweb.app - INFO - VPN status: True
2025-04-29 14:41:49 - darkweb.app - INFO - VPN status: True
2025-04-29 14:41:49 - darkweb - INFO - Dark Web Monitoring Tool starting up
2025-04-29 14:41:49 - darkweb - INFO - Log level: INFO
2025-04-29 14:41:49 - darkweb - INFO - Development mode: True
2025-04-29 14:41:50 - darkweb - INFO - I2P module loaded successfully
2025-04-29 14:41:50 - darkweb - INFO - Freenet module loaded successfully
2025-04-29 14:41:50 - darkweb - INFO - TAILS module loaded successfully
2025-04-29 14:41:50 - darkweb.app - INFO - Starting Dark Web Monitoring API
2025-04-29 14:41:50 - darkweb.app - INFO - Starting Dark Web Monitoring API
2025-04-29 14:41:50 - darkweb.app - INFO - Initializing VPN connection
2025-04-29 14:41:50 - darkweb.app - INFO - Initializing VPN connection
2025-04-29 14:41:50 - darkweb.app - INFO - VPN status: True
2025-04-29 14:41:50 - darkweb.app - INFO - VPN status: True
2025-04-29 14:42:23 - darkweb.app - WARNING - Enhanced crawler not available, falling back to original crawler: No module named 'dns'
2025-04-29 14:42:23 - darkweb.app - WARNING - Enhanced crawler not available, falling back to original crawler: No module named 'dns'
2025-04-29 14:56:30 - darkweb - INFO - Dark Web Monitoring Tool starting up
2025-04-29 14:56:30 - darkweb - INFO - Log level: INFO
2025-04-29 14:56:30 - darkweb - INFO - Development mode: True
2025-04-29 14:56:31 - darkweb - INFO - I2P module loaded successfully
2025-04-29 14:56:31 - darkweb - INFO - Freenet module loaded successfully
2025-04-29 14:56:31 - darkweb - INFO - TAILS module loaded successfully
2025-04-29 14:56:31 - darkweb.app - INFO - Starting Dark Web Monitoring API
2025-04-29 14:56:31 - darkweb.app - INFO - Starting Dark Web Monitoring API
2025-04-29 14:56:31 - darkweb.app - INFO - Initializing VPN connection
2025-04-29 14:56:31 - darkweb.app - INFO - Initializing VPN connection
2025-04-29 14:56:32 - darkweb.app - INFO - VPN status: True
2025-04-29 14:56:32 - darkweb.app - INFO - VPN status: True
2025-04-29 14:56:33 - darkweb - INFO - Dark Web Monitoring Tool starting up
2025-04-29 14:56:33 - darkweb - INFO - Log level: INFO
2025-04-29 14:56:33 - darkweb - INFO - Development mode: True
2025-04-29 14:56:33 - darkweb - INFO - I2P module loaded successfully
2025-04-29 14:56:33 - darkweb - INFO - Freenet module loaded successfully
2025-04-29 14:56:33 - darkweb - INFO - TAILS module loaded successfully
2025-04-29 14:56:33 - darkweb.app - INFO - Starting Dark Web Monitoring API
2025-04-29 14:56:33 - darkweb.app - INFO - Starting Dark Web Monitoring API
2025-04-29 14:56:33 - darkweb.app - INFO - Initializing VPN connection
2025-04-29 14:56:33 - darkweb.app - INFO - Initializing VPN connection
2025-04-29 14:56:34 - darkweb.app - INFO - VPN status: True
2025-04-29 14:56:34 - darkweb.app - INFO - VPN status: True
2025-04-29 14:56:43 - darkweb.app - WARNING - Enhanced crawler not available, falling back to original crawler: No module named 'dns'
2025-04-29 14:56:43 - darkweb.app - WARNING - Enhanced crawler not available, falling back to original crawler: No module named 'dns'
2025-04-29 15:06:58 - darkweb - INFO - Dark Web Monitoring Tool starting up
2025-04-29 15:06:58 - darkweb - INFO - Log level: INFO
2025-04-29 15:06:58 - darkweb - INFO - Development mode: True
2025-04-29 15:06:58 - darkweb - INFO - I2P module loaded successfully
2025-04-29 15:06:58 - darkweb - INFO - Freenet module loaded successfully
2025-04-29 15:06:58 - darkweb - INFO - TAILS module loaded successfully
2025-04-29 15:06:58 - darkweb.app - INFO - Starting Dark Web Monitoring API
2025-04-29 15:06:58 - darkweb.app - INFO - Starting Dark Web Monitoring API
2025-04-29 15:06:58 - darkweb.app - INFO - Initializing VPN connection
2025-04-29 15:06:58 - darkweb.app - INFO - Initializing VPN connection
2025-04-29 15:06:59 - darkweb.app - INFO - VPN status: True
2025-04-29 15:06:59 - darkweb.app - INFO - VPN status: True
2025-04-29 15:07:00 - darkweb - INFO - Dark Web Monitoring Tool starting up
2025-04-29 15:07:00 - darkweb - INFO - Log level: INFO
2025-04-29 15:07:00 - darkweb - INFO - Development mode: True
2025-04-29 15:07:00 - darkweb - INFO - I2P module loaded successfully
2025-04-29 15:07:00 - darkweb - INFO - Freenet module loaded successfully
2025-04-29 15:07:00 - darkweb - INFO - TAILS module loaded successfully
2025-04-29 15:07:00 - darkweb.app - INFO - Starting Dark Web Monitoring API
2025-04-29 15:07:00 - darkweb.app - INFO - Starting Dark Web Monitoring API
2025-04-29 15:07:00 - darkweb.app - INFO - Initializing VPN connection
2025-04-29 15:07:00 - darkweb.app - INFO - Initializing VPN connection
2025-04-29 15:07:01 - darkweb.app - INFO - VPN status: True
2025-04-29 15:07:01 - darkweb.app - INFO - VPN status: True
2025-04-29 15:07:14 - darkweb.app - WARNING - Enhanced crawler not available, falling back to original crawler: No module named 'dns'
2025-04-29 15:07:14 - darkweb.app - WARNING - Enhanced crawler not available, falling back to original crawler: No module named 'dns'
2025-04-29 15:08:41 - darkweb.app - WARNING - Enhanced crawler not available, falling back to original crawler: No module named 'dns'
2025-04-29 15:08:41 - darkweb.app - WARNING - Enhanced crawler not available, falling back to original crawler: No module named 'dns'
2025-04-29 15:09:31 - darkweb.app - WARNING - Enhanced crawler not available, falling back to original crawler: No module named 'dns'
2025-04-29 15:09:31 - darkweb.app - WARNING - Enhanced crawler not available, falling back to original crawler: No module named 'dns'
2025-04-29 15:32:04 - darkweb.app - WARNING - Enhanced crawler not available, falling back to original crawler: No module named 'dns'
2025-04-29 15:32:04 - darkweb.app - WARNING - Enhanced crawler not available, falling back to original crawler: No module named 'dns'
2025-04-29 15:34:03 - darkweb.app - WARNING - Enhanced crawler not available, falling back to original crawler: No module named 'dns'
2025-04-29 15:34:03 - darkweb.app - WARNING - Enhanced crawler not available, falling back to original crawler: No module named 'dns'
2025-04-29 15:35:02 - darkweb - INFO - Dark Web Monitoring Tool starting up
2025-04-29 15:35:02 - darkweb - INFO - Log level: INFO
2025-04-29 15:35:02 - darkweb - INFO - Development mode: True
2025-04-29 15:35:03 - darkweb - INFO - I2P module loaded successfully
2025-04-29 15:35:03 - darkweb - INFO - Freenet module loaded successfully
2025-04-29 15:35:03 - darkweb - INFO - TAILS module loaded successfully
2025-04-29 15:35:03 - darkweb.app - INFO - Starting Dark Web Monitoring API
2025-04-29 15:35:03 - darkweb.app - INFO - Starting Dark Web Monitoring API
2025-04-29 15:35:03 - darkweb.app - INFO - Initializing VPN connection
2025-04-29 15:35:03 - darkweb.app - INFO - Initializing VPN connection
2025-04-29 15:35:04 - darkweb.app - INFO - VPN status: True
2025-04-29 15:35:04 - darkweb.app - INFO - VPN status: True
2025-04-29 15:40:37 - darkweb - INFO - Dark Web Monitoring Tool starting up
2025-04-29 15:40:37 - darkweb - INFO - Log level: INFO
2025-04-29 15:40:37 - darkweb - INFO - Development mode: True
2025-04-29 15:40:38 - darkweb - INFO - I2P module loaded successfully
2025-04-29 15:40:38 - darkweb - INFO - Freenet module loaded successfully
2025-04-29 15:40:38 - darkweb - INFO - TAILS module loaded successfully
2025-04-29 15:40:38 - darkweb.app - INFO - Starting Dark Web Monitoring API
2025-04-29 15:40:38 - darkweb.app - INFO - Starting Dark Web Monitoring API
2025-04-29 15:40:38 - darkweb.app - INFO - Initializing VPN connection
2025-04-29 15:40:38 - darkweb.app - INFO - Initializing VPN connection
2025-04-29 15:40:39 - darkweb.app - INFO - VPN status: True
2025-04-29 15:40:39 - darkweb.app - INFO - VPN status: True
2025-04-29 15:40:39 - darkweb - INFO - Dark Web Monitoring Tool starting up
2025-04-29 15:40:39 - darkweb - INFO - Log level: INFO
2025-04-29 15:40:39 - darkweb - INFO - Development mode: True
2025-04-29 15:40:40 - darkweb - INFO - I2P module loaded successfully
2025-04-29 15:40:40 - darkweb - INFO - Freenet module loaded successfully
2025-04-29 15:40:40 - darkweb - INFO - TAILS module loaded successfully
2025-04-29 15:40:40 - darkweb.app - INFO - Starting Dark Web Monitoring API
2025-04-29 15:40:40 - darkweb.app - INFO - Starting Dark Web Monitoring API
2025-04-29 15:40:40 - darkweb.app - INFO - Initializing VPN connection
2025-04-29 15:40:40 - darkweb.app - INFO - Initializing VPN connection
2025-04-29 15:40:41 - darkweb.app - INFO - VPN status: True
2025-04-29 15:40:41 - darkweb.app - INFO - VPN status: True
2025-04-29 15:41:50 - darkweb - INFO - Dark Web Monitoring Tool starting up
2025-04-29 15:41:50 - darkweb - INFO - Log level: INFO
2025-04-29 15:41:50 - darkweb - INFO - Development mode: True
2025-04-29 15:41:51 - darkweb - INFO - I2P module loaded successfully
2025-04-29 15:41:51 - darkweb - INFO - Freenet module loaded successfully
2025-04-29 15:41:51 - darkweb - INFO - TAILS module loaded successfully
2025-04-29 15:41:51 - darkweb.app - INFO - Starting Dark Web Monitoring API
2025-04-29 15:41:51 - darkweb.app - INFO - Starting Dark Web Monitoring API
2025-04-29 15:41:51 - darkweb.app - INFO - Initializing VPN connection
2025-04-29 15:41:51 - darkweb.app - INFO - Initializing VPN connection
2025-04-29 15:41:52 - darkweb.app - INFO - VPN status: True
2025-04-29 15:41:52 - darkweb.app - INFO - VPN status: True
2025-04-29 15:41:52 - darkweb - INFO - Dark Web Monitoring Tool starting up
2025-04-29 15:41:52 - darkweb - INFO - Log level: INFO
2025-04-29 15:41:52 - darkweb - INFO - Development mode: True
2025-04-29 15:41:52 - darkweb - INFO - I2P module loaded successfully
2025-04-29 15:41:52 - darkweb - INFO - Freenet module loaded successfully
2025-04-29 15:41:52 - darkweb - INFO - TAILS module loaded successfully
2025-04-29 15:41:52 - darkweb.app - INFO - Starting Dark Web Monitoring API
2025-04-29 15:41:52 - darkweb.app - INFO - Starting Dark Web Monitoring API
2025-04-29 15:41:52 - darkweb.app - INFO - Initializing VPN connection
2025-04-29 15:41:52 - darkweb.app - INFO - Initializing VPN connection
2025-04-29 15:41:53 - darkweb.app - INFO - VPN status: True
2025-04-29 15:41:53 - darkweb.app - INFO - VPN status: True
2025-04-29 15:47:28 - darkweb - INFO - Dark Web Monitoring Tool starting up
2025-04-29 15:47:28 - darkweb - INFO - Log level: INFO
2025-04-29 15:47:28 - darkweb - INFO - Development mode: True
2025-04-29 15:47:29 - darkweb - INFO - I2P module loaded successfully
2025-04-29 15:47:29 - darkweb - INFO - Freenet module loaded successfully
2025-04-29 15:47:29 - darkweb - INFO - TAILS module loaded successfully
2025-04-29 15:47:29 - darkweb.app - INFO - Starting Dark Web Monitoring API
2025-04-29 15:47:29 - darkweb.app - INFO - Starting Dark Web Monitoring API
2025-04-29 15:47:29 - darkweb.app - INFO - Initializing VPN connection
2025-04-29 15:47:29 - darkweb.app - INFO - Initializing VPN connection
2025-04-29 15:47:30 - darkweb.app - INFO - VPN status: True
2025-04-29 15:47:30 - darkweb.app - INFO - VPN status: True
2025-04-29 15:47:34 - darkweb - INFO - Dark Web Monitoring Tool starting up
2025-04-29 15:47:34 - darkweb - INFO - Log level: INFO
2025-04-29 15:47:34 - darkweb - INFO - Development mode: True
2025-04-29 15:47:34 - darkweb - INFO - I2P module loaded successfully
2025-04-29 15:47:34 - darkweb - INFO - Freenet module loaded successfully
2025-04-29 15:47:34 - darkweb - INFO - TAILS module loaded successfully
2025-04-29 15:47:34 - darkweb.app - INFO - Starting Dark Web Monitoring API
2025-04-29 15:47:34 - darkweb.app - INFO - Starting Dark Web Monitoring API
2025-04-29 15:47:34 - darkweb.app - INFO - Initializing VPN connection
2025-04-29 15:47:34 - darkweb.app - INFO - Initializing VPN connection
2025-04-29 15:47:35 - darkweb.app - INFO - VPN status: True
2025-04-29 15:47:35 - darkweb.app - INFO - VPN status: True
2025-04-29 15:47:36 - darkweb - INFO - Dark Web Monitoring Tool starting up
2025-04-29 15:47:36 - darkweb - INFO - Log level: INFO
2025-04-29 15:47:36 - darkweb - INFO - Development mode: True
2025-04-29 15:47:36 - darkweb - INFO - I2P module loaded successfully
2025-04-29 15:47:36 - darkweb - INFO - Freenet module loaded successfully
2025-04-29 15:47:36 - darkweb - INFO - TAILS module loaded successfully
2025-04-29 15:47:36 - darkweb.app - INFO - Starting Dark Web Monitoring API
2025-04-29 15:47:36 - darkweb.app - INFO - Starting Dark Web Monitoring API
2025-04-29 15:47:36 - darkweb.app - INFO - Initializing VPN connection
2025-04-29 15:47:36 - darkweb.app - INFO - Initializing VPN connection
2025-04-29 15:47:37 - darkweb.app - INFO - VPN status: True
2025-04-29 15:47:37 - darkweb.app - INFO - VPN status: True
2025-04-29 15:48:02 - darkweb.app - WARNING - Enhanced crawler not available, falling back to original crawler: No module named 'dns'
2025-04-29 15:48:02 - darkweb.app - WARNING - Enhanced crawler not available, falling back to original crawler: No module named 'dns'
2025-04-29 15:49:49 - darkweb - INFO - Dark Web Monitoring Tool starting up
2025-04-29 15:49:49 - darkweb - INFO - Log level: INFO
2025-04-29 15:49:49 - darkweb - INFO - Development mode: True
2025-04-29 15:49:49 - darkweb - INFO - I2P module loaded successfully
2025-04-29 15:49:49 - darkweb - INFO - Freenet module loaded successfully
2025-04-29 15:49:49 - darkweb - INFO - TAILS module loaded successfully
2025-04-29 15:49:49 - darkweb.app - INFO - Starting Dark Web Monitoring API
2025-04-29 15:49:49 - darkweb.app - INFO - Starting Dark Web Monitoring API
2025-04-29 15:49:49 - darkweb.app - INFO - Initializing VPN connection
2025-04-29 15:49:49 - darkweb.app - INFO - Initializing VPN connection
2025-04-29 15:49:50 - darkweb.app - INFO - VPN status: True
2025-04-29 15:49:50 - darkweb.app - INFO - VPN status: True
2025-04-29 15:49:51 - darkweb - INFO - Dark Web Monitoring Tool starting up
2025-04-29 15:49:51 - darkweb - INFO - Log level: INFO
2025-04-29 15:49:51 - darkweb - INFO - Development mode: True
2025-04-29 15:49:51 - darkweb - INFO - I2P module loaded successfully
2025-04-29 15:49:51 - darkweb - INFO - Freenet module loaded successfully
2025-04-29 15:49:51 - darkweb - INFO - TAILS module loaded successfully
2025-04-29 15:49:51 - darkweb.app - INFO - Starting Dark Web Monitoring API
2025-04-29 15:49:51 - darkweb.app - INFO - Starting Dark Web Monitoring API
2025-04-29 15:49:51 - darkweb.app - INFO - Initializing VPN connection
2025-04-29 15:49:51 - darkweb.app - INFO - Initializing VPN connection
2025-04-29 15:49:52 - darkweb.app - INFO - VPN status: True
2025-04-29 15:49:52 - darkweb.app - INFO - VPN status: True
2025-04-29 15:50:13 - darkweb.app - WARNING - Enhanced crawler not available, falling back to original crawler: No module named 'dns'
2025-04-29 15:50:13 - darkweb.app - WARNING - Enhanced crawler not available, falling back to original crawler: No module named 'dns'
2025-04-29 15:52:27 - darkweb - INFO - Dark Web Monitoring Tool starting up
2025-04-29 15:52:27 - darkweb - INFO - Log level: INFO
2025-04-29 15:52:27 - darkweb - INFO - Development mode: True
2025-04-29 15:52:28 - darkweb - INFO - I2P module loaded successfully
2025-04-29 15:52:28 - darkweb - INFO - Freenet module loaded successfully
2025-04-29 15:52:28 - darkweb - INFO - TAILS module loaded successfully
2025-04-29 15:52:28 - darkweb.app - INFO - Starting Dark Web Monitoring API
2025-04-29 15:52:28 - darkweb.app - INFO - Starting Dark Web Monitoring API
2025-04-29 15:52:28 - darkweb.app - INFO - Initializing VPN connection
2025-04-29 15:52:28 - darkweb.app - INFO - Initializing VPN connection
2025-04-29 15:52:29 - darkweb.app - INFO - VPN status: True
2025-04-29 15:52:29 - darkweb.app - INFO - VPN status: True
2025-04-29 15:52:29 - darkweb - INFO - Dark Web Monitoring Tool starting up
2025-04-29 15:52:29 - darkweb - INFO - Log level: INFO
2025-04-29 15:52:29 - darkweb - INFO - Development mode: True
2025-04-29 15:52:30 - darkweb - INFO - I2P module loaded successfully
2025-04-29 15:52:30 - darkweb - INFO - Freenet module loaded successfully
2025-04-29 15:52:30 - darkweb - INFO - TAILS module loaded successfully
2025-04-29 15:52:30 - darkweb.app - INFO - Starting Dark Web Monitoring API
2025-04-29 15:52:30 - darkweb.app - INFO - Starting Dark Web Monitoring API
2025-04-29 15:52:30 - darkweb.app - INFO - Initializing VPN connection
2025-04-29 15:52:30 - darkweb.app - INFO - Initializing VPN connection
2025-04-29 15:52:31 - darkweb.app - INFO - VPN status: True
2025-04-29 15:52:31 - darkweb.app - INFO - VPN status: True
2025-04-29 15:53:06 - darkweb.app - WARNING - Enhanced crawler not available, falling back to original crawler: No module named 'dns'
2025-04-29 15:53:06 - darkweb.app - WARNING - Enhanced crawler not available, falling back to original crawler: No module named 'dns'
2025-04-29 16:03:56 - darkweb - INFO - Dark Web Monitoring Tool starting up
2025-04-29 16:03:56 - darkweb - INFO - Log level: INFO
2025-04-29 16:03:56 - darkweb - INFO - Development mode: True
2025-04-29 16:03:57 - darkweb - INFO - I2P module loaded successfully
2025-04-29 16:03:57 - darkweb - INFO - Freenet module loaded successfully
2025-04-29 16:03:57 - darkweb - INFO - TAILS module loaded successfully
2025-04-29 16:03:57 - darkweb.app - INFO - Starting Dark Web Monitoring API
2025-04-29 16:03:57 - darkweb.app - INFO - Starting Dark Web Monitoring API
2025-04-29 16:03:57 - darkweb.app - INFO - Initializing VPN connection
2025-04-29 16:03:57 - darkweb.app - INFO - Initializing VPN connection
2025-04-29 16:03:58 - darkweb.app - INFO - VPN status: True
2025-04-29 16:03:58 - darkweb.app - INFO - VPN status: True
2025-04-29 16:03:58 - darkweb - INFO - Dark Web Monitoring Tool starting up
2025-04-29 16:03:58 - darkweb - INFO - Log level: INFO
2025-04-29 16:03:58 - darkweb - INFO - Development mode: True
2025-04-29 16:03:59 - darkweb - INFO - I2P module loaded successfully
2025-04-29 16:03:59 - darkweb - INFO - Freenet module loaded successfully
2025-04-29 16:03:59 - darkweb - INFO - TAILS module loaded successfully
2025-04-29 16:03:59 - darkweb.app - INFO - Starting Dark Web Monitoring API
2025-04-29 16:03:59 - darkweb.app - INFO - Starting Dark Web Monitoring API
2025-04-29 16:03:59 - darkweb.app - INFO - Initializing VPN connection
2025-04-29 16:03:59 - darkweb.app - INFO - Initializing VPN connection
2025-04-29 16:04:00 - darkweb.app - INFO - VPN status: True
2025-04-29 16:04:00 - darkweb.app - INFO - VPN status: True
2025-04-29 16:04:19 - darkweb.app - WARNING - Enhanced crawler not available, falling back to original crawler: No module named 'dns'
2025-04-29 16:04:19 - darkweb.app - WARNING - Enhanced crawler not available, falling back to original crawler: No module named 'dns'
2025-04-29 16:04:20 - darkweb.app - WARNING - Enhanced crawler not available, falling back to original crawler: No module named 'dns'
2025-04-29 16:04:20 - darkweb.app - WARNING - Enhanced crawler not available, falling back to original crawler: No module named 'dns'
2025-04-29 16:04:26 - darkweb.app - WARNING - Enhanced crawler not available, falling back to original crawler: No module named 'dns'
2025-04-29 16:04:26 - darkweb.app - WARNING - Enhanced crawler not available, falling back to original crawler: No module named 'dns'
2025-04-29 16:04:26 - darkweb.app - WARNING - Enhanced crawler not available, falling back to original crawler: No module named 'dns'
2025-04-29 16:04:26 - darkweb.app - WARNING - Enhanced crawler not available, falling back to original crawler: No module named 'dns'
2025-04-29 16:04:27 - darkweb.app - WARNING - Enhanced crawler not available, falling back to original crawler: No module named 'dns'
2025-04-29 16:04:27 - darkweb.app - WARNING - Enhanced crawler not available, falling back to original crawler: No module named 'dns'
2025-04-29 16:04:27 - darkweb.app - WARNING - Enhanced crawler not available, falling back to original crawler: No module named 'dns'
2025-04-29 16:04:27 - darkweb.app - WARNING - Enhanced crawler not available, falling back to original crawler: No module named 'dns'
2025-04-29 16:04:44 - darkweb.app - WARNING - Enhanced filter not available, falling back to original filter
2025-04-29 16:04:44 - darkweb.app - WARNING - Enhanced filter not available, falling back to original filter
2025-04-29 16:04:44 - darkweb.app - INFO - Returning 5 filtered results
2025-04-29 16:04:44 - darkweb.app - INFO - Returning 5 filtered results
2025-04-29 16:04:50 - darkweb.app - WARNING - Enhanced filter not available, falling back to original filter
2025-04-29 16:04:50 - darkweb.app - WARNING - Enhanced filter not available, falling back to original filter
2025-04-29 16:04:50 - darkweb.app - INFO - Returning 5 filtered results
2025-04-29 16:04:50 - darkweb.app - INFO - Returning 5 filtered results
2025-04-29 16:04:53 - darkweb.app - WARNING - Enhanced filter not available, falling back to original filter
2025-04-29 16:04:53 - darkweb.app - WARNING - Enhanced filter not available, falling back to original filter
2025-04-29 16:04:53 - darkweb.app - INFO - Returning 5 filtered results
2025-04-29 16:04:53 - darkweb.app - INFO - Returning 5 filtered results
2025-04-29 16:04:55 - darkweb.app - WARNING - Enhanced filter not available, falling back to original filter
2025-04-29 16:04:55 - darkweb.app - WARNING - Enhanced filter not available, falling back to original filter
2025-04-29 16:04:55 - darkweb.app - INFO - Returning 5 filtered results
2025-04-29 16:04:55 - darkweb.app - INFO - Returning 5 filtered results
2025-04-29 16:04:57 - darkweb.app - WARNING - Enhanced filter not available, falling back to original filter
2025-04-29 16:04:57 - darkweb.app - WARNING - Enhanced filter not available, falling back to original filter
2025-04-29 16:04:57 - darkweb.app - INFO - Returning 5 filtered results
2025-04-29 16:04:57 - darkweb.app - INFO - Returning 5 filtered results
2025-04-29 16:04:59 - darkweb.app - WARNING - Enhanced filter not available, falling back to original filter
2025-04-29 16:04:59 - darkweb.app - WARNING - Enhanced filter not available, falling back to original filter
2025-04-29 16:04:59 - darkweb.app - INFO - Returning 5 filtered results
2025-04-29 16:04:59 - darkweb.app - INFO - Returning 5 filtered results
2025-04-29 16:07:53 - darkweb.app - WARNING - Enhanced crawler not available, falling back to original crawler: No module named 'dns'
2025-04-29 16:07:53 - darkweb.app - WARNING - Enhanced crawler not available, falling back to original crawler: No module named 'dns'
2025-04-29 16:08:13 - darkweb.app - WARNING - Enhanced filter not available, falling back to original filter
2025-04-29 16:08:13 - darkweb.app - WARNING - Enhanced filter not available, falling back to original filter
2025-04-29 16:08:13 - darkweb.app - INFO - Returning 5 filtered results
2025-04-29 16:08:13 - darkweb.app - INFO - Returning 5 filtered results
2025-04-29 16:11:35 - darkweb - INFO - Dark Web Monitoring Tool starting up
2025-04-29 16:11:35 - darkweb - INFO - Log level: INFO
2025-04-29 16:11:35 - darkweb - INFO - Development mode: True
2025-04-29 16:11:35 - darkweb - INFO - I2P module loaded successfully
2025-04-29 16:11:35 - darkweb - INFO - Freenet module loaded successfully
2025-04-29 16:11:35 - darkweb - INFO - TAILS module loaded successfully
2025-04-29 16:11:35 - darkweb.app - INFO - Starting Dark Web Monitoring API
2025-04-29 16:11:35 - darkweb.app - INFO - Starting Dark Web Monitoring API
2025-04-29 16:11:35 - darkweb.app - INFO - Initializing VPN connection
2025-04-29 16:11:35 - darkweb.app - INFO - Initializing VPN connection
2025-04-29 16:11:36 - darkweb.app - INFO - VPN status: True
2025-04-29 16:11:36 - darkweb.app - INFO - VPN status: True
2025-04-29 16:11:59 - darkweb - INFO - Dark Web Monitoring Tool starting up
2025-04-29 16:11:59 - darkweb - INFO - Log level: INFO
2025-04-29 16:11:59 - darkweb - INFO - Development mode: True
2025-04-29 16:11:59 - darkweb - INFO - I2P module loaded successfully
2025-04-29 16:11:59 - darkweb - INFO - Freenet module loaded successfully
2025-04-29 16:11:59 - darkweb - INFO - TAILS module loaded successfully
2025-04-29 16:11:59 - darkweb.app - INFO - Starting Dark Web Monitoring API
2025-04-29 16:11:59 - darkweb.app - INFO - Starting Dark Web Monitoring API
2025-04-29 16:11:59 - darkweb.app - INFO - Initializing VPN connection
2025-04-29 16:11:59 - darkweb.app - INFO - Initializing VPN connection
2025-04-29 16:12:00 - darkweb.app - INFO - VPN status: True
2025-04-29 16:12:00 - darkweb.app - INFO - VPN status: True
2025-04-29 16:12:01 - darkweb - INFO - Dark Web Monitoring Tool starting up
2025-04-29 16:12:01 - darkweb - INFO - Log level: INFO
2025-04-29 16:12:01 - darkweb - INFO - Development mode: True
2025-04-29 16:12:01 - darkweb - INFO - I2P module loaded successfully
2025-04-29 16:12:01 - darkweb - INFO - Freenet module loaded successfully
2025-04-29 16:12:01 - darkweb - INFO - TAILS module loaded successfully
2025-04-29 16:12:01 - darkweb.app - INFO - Starting Dark Web Monitoring API
2025-04-29 16:12:01 - darkweb.app - INFO - Starting Dark Web Monitoring API
2025-04-29 16:12:01 - darkweb.app - INFO - Initializing VPN connection
2025-04-29 16:12:01 - darkweb.app - INFO - Initializing VPN connection
2025-04-29 16:12:02 - darkweb.app - INFO - VPN status: True
2025-04-29 16:12:02 - darkweb.app - INFO - VPN status: True
2025-04-29 16:12:47 - darkweb.app - WARNING - Enhanced crawler not available, falling back to original crawler: No module named 'dns'
2025-04-29 16:12:47 - darkweb.app - WARNING - Enhanced crawler not available, falling back to original crawler: No module named 'dns'
2025-04-29 16:13:04 - darkweb.app - WARNING - Enhanced filter not available, falling back to original filter
2025-04-29 16:13:04 - darkweb.app - WARNING - Enhanced filter not available, falling back to original filter
2025-04-29 16:13:04 - darkweb.app - INFO - Returning 5 filtered results
2025-04-29 16:13:04 - darkweb.app - INFO - Returning 5 filtered results
2025-04-29 16:18:22 - darkweb - INFO - Dark Web Monitoring Tool starting up
2025-04-29 16:18:22 - darkweb - INFO - Log level: INFO
2025-04-29 16:18:22 - darkweb - INFO - Development mode: True
2025-04-29 16:18:23 - darkweb - INFO - I2P module loaded successfully
2025-04-29 16:18:23 - darkweb - INFO - Freenet module loaded successfully
2025-04-29 16:18:23 - darkweb - INFO - TAILS module loaded successfully
2025-04-29 16:18:23 - darkweb.app - INFO - Starting Dark Web Monitoring API
2025-04-29 16:18:23 - darkweb.app - INFO - Starting Dark Web Monitoring API
2025-04-29 16:18:23 - darkweb.app - INFO - Initializing VPN connection
2025-04-29 16:18:23 - darkweb.app - INFO - Initializing VPN connection
2025-04-29 16:18:24 - darkweb.app - INFO - VPN status: True
2025-04-29 16:18:24 - darkweb.app - INFO - VPN status: True
2025-04-29 16:18:24 - darkweb - INFO - Dark Web Monitoring Tool starting up
2025-04-29 16:18:24 - darkweb - INFO - Log level: INFO
2025-04-29 16:18:24 - darkweb - INFO - Development mode: True
2025-04-29 16:18:25 - darkweb - INFO - I2P module loaded successfully
2025-04-29 16:18:25 - darkweb - INFO - Freenet module loaded successfully
2025-04-29 16:18:25 - darkweb - INFO - TAILS module loaded successfully
2025-04-29 16:18:25 - darkweb.app - INFO - Starting Dark Web Monitoring API
2025-04-29 16:18:25 - darkweb.app - INFO - Starting Dark Web Monitoring API
2025-04-29 16:18:25 - darkweb.app - INFO - Initializing VPN connection
2025-04-29 16:18:25 - darkweb.app - INFO - Initializing VPN connection
2025-04-29 16:18:26 - darkweb.app - INFO - VPN status: True
2025-04-29 16:18:26 - darkweb.app - INFO - VPN status: True
2025-04-29 16:18:54 - darkweb.app - WARNING - Enhanced crawler not available, falling back to original crawler: No module named 'dns'
2025-04-29 16:18:54 - darkweb.app - WARNING - Enhanced crawler not available, falling back to original crawler: No module named 'dns'
2025-04-29 16:19:23 - darkweb.app - WARNING - Enhanced filter not available, falling back to original filter
2025-04-29 16:19:23 - darkweb.app - WARNING - Enhanced filter not available, falling back to original filter
2025-04-29 16:19:23 - darkweb.app - INFO - Returning 5 filtered results
2025-04-29 16:19:23 - darkweb.app - INFO - Returning 5 filtered results
2025-04-29 16:20:53 - darkweb.app - INFO - Generated 15 mock items
2025-04-29 16:20:53 - darkweb.app - INFO - Generated 15 mock items
2025-04-29 16:21:03 - darkweb.app - WARNING - Enhanced crawler not available, falling back to original crawler: No module named 'dns'
2025-04-29 16:21:03 - darkweb.app - WARNING - Enhanced crawler not available, falling back to original crawler: No module named 'dns'
2025-04-29 16:21:25 - darkweb.app - WARNING - Enhanced filter not available, falling back to original filter
2025-04-29 16:21:25 - darkweb.app - WARNING - Enhanced filter not available, falling back to original filter
2025-04-29 16:21:25 - darkweb.app - INFO - Returning 5 filtered results
2025-04-29 16:21:25 - darkweb.app - INFO - Returning 5 filtered results
2025-04-29 16:26:51 - darkweb - INFO - Dark Web Monitoring Tool starting up
2025-04-29 16:26:51 - darkweb - INFO - Log level: INFO
2025-04-29 16:26:51 - darkweb - INFO - Development mode: True
2025-04-29 16:26:52 - darkweb - INFO - I2P module loaded successfully
2025-04-29 16:26:52 - darkweb - INFO - Freenet module loaded successfully
2025-04-29 16:26:52 - darkweb - INFO - TAILS module loaded successfully
2025-04-29 16:26:52 - darkweb.app - INFO - Starting Dark Web Monitoring API
2025-04-29 16:26:52 - darkweb.app - INFO - Starting Dark Web Monitoring API
2025-04-29 16:26:52 - darkweb.app - INFO - Initializing VPN connection
2025-04-29 16:26:52 - darkweb.app - INFO - Initializing VPN connection
2025-04-29 16:26:53 - darkweb.app - INFO - VPN status: True
2025-04-29 16:26:53 - darkweb.app - INFO - VPN status: True
2025-04-29 16:26:58 - darkweb - INFO - Dark Web Monitoring Tool starting up
2025-04-29 16:26:58 - darkweb - INFO - Log level: INFO
2025-04-29 16:26:58 - darkweb - INFO - Development mode: True
2025-04-29 16:26:58 - darkweb - INFO - I2P module loaded successfully
2025-04-29 16:26:58 - darkweb - INFO - Freenet module loaded successfully
2025-04-29 16:26:58 - darkweb - INFO - TAILS module loaded successfully
2025-04-29 16:26:58 - darkweb.app - INFO - Starting Dark Web Monitoring API
2025-04-29 16:26:58 - darkweb.app - INFO - Starting Dark Web Monitoring API
2025-04-29 16:26:58 - darkweb.app - INFO - Initializing VPN connection
2025-04-29 16:26:58 - darkweb.app - INFO - Initializing VPN connection
2025-04-29 16:26:59 - darkweb.app - INFO - VPN status: True
2025-04-29 16:26:59 - darkweb.app - INFO - VPN status: True
2025-04-29 16:27:00 - darkweb - INFO - Dark Web Monitoring Tool starting up
2025-04-29 16:27:00 - darkweb - INFO - Log level: INFO
2025-04-29 16:27:00 - darkweb - INFO - Development mode: True
2025-04-29 16:27:00 - darkweb - INFO - I2P module loaded successfully
2025-04-29 16:27:00 - darkweb - INFO - Freenet module loaded successfully
2025-04-29 16:27:00 - darkweb - INFO - TAILS module loaded successfully
2025-04-29 16:27:00 - darkweb.app - INFO - Starting Dark Web Monitoring API
2025-04-29 16:27:00 - darkweb.app - INFO - Starting Dark Web Monitoring API
2025-04-29 16:27:00 - darkweb.app - INFO - Initializing VPN connection
2025-04-29 16:27:00 - darkweb.app - INFO - Initializing VPN connection
2025-04-29 16:27:01 - darkweb.app - INFO - VPN status: True
2025-04-29 16:27:01 - darkweb.app - INFO - VPN status: True
2025-04-29 16:38:28 - darkweb - INFO - Dark Web Monitoring Tool starting up
2025-04-29 16:38:28 - darkweb - INFO - Log level: INFO
2025-04-29 16:38:28 - darkweb - INFO - Development mode: True
2025-04-29 16:38:29 - darkweb - INFO - I2P module loaded successfully
2025-04-29 16:38:29 - darkweb - INFO - Freenet module loaded successfully
2025-04-29 16:38:29 - darkweb - INFO - TAILS module loaded successfully
2025-04-29 16:38:29 - darkweb.app - INFO - Starting Dark Web Monitoring API
2025-04-29 16:38:29 - darkweb.app - INFO - Starting Dark Web Monitoring API
2025-04-29 16:38:29 - darkweb.app - INFO - Initializing VPN connection
2025-04-29 16:38:29 - darkweb.app - INFO - Initializing VPN connection
2025-04-29 16:38:30 - darkweb.app - INFO - VPN status: True
2025-04-29 16:38:30 - darkweb.app - INFO - VPN status: True
2025-04-29 16:38:30 - darkweb - INFO - Dark Web Monitoring Tool starting up
2025-04-29 16:38:30 - darkweb - INFO - Log level: INFO
2025-04-29 16:38:30 - darkweb - INFO - Development mode: True
2025-04-29 16:38:31 - darkweb - INFO - I2P module loaded successfully
2025-04-29 16:38:31 - darkweb - INFO - Freenet module loaded successfully
2025-04-29 16:38:31 - darkweb - INFO - TAILS module loaded successfully
2025-04-29 16:38:31 - darkweb.app - INFO - Starting Dark Web Monitoring API
2025-04-29 16:38:31 - darkweb.app - INFO - Starting Dark Web Monitoring API
2025-04-29 16:38:31 - darkweb.app - INFO - Initializing VPN connection
2025-04-29 16:38:31 - darkweb.app - INFO - Initializing VPN connection
2025-04-29 16:38:32 - darkweb.app - INFO - VPN status: True
2025-04-29 16:38:32 - darkweb.app - INFO - VPN status: True
2025-04-29 16:43:11 - darkweb - INFO - Dark Web Monitoring Tool starting up
2025-04-29 16:43:11 - darkweb - INFO - Log level: INFO
2025-04-29 16:43:11 - darkweb - INFO - Development mode: True
2025-04-29 16:43:12 - darkweb - INFO - I2P module loaded successfully
2025-04-29 16:43:12 - darkweb - INFO - Freenet module loaded successfully
2025-04-29 16:43:12 - darkweb - INFO - TAILS module loaded successfully
2025-04-29 16:43:12 - darkweb.app - INFO - Starting Dark Web Monitoring API
2025-04-29 16:43:12 - darkweb.app - INFO - Starting Dark Web Monitoring API
2025-04-29 16:43:12 - darkweb.app - INFO - Initializing VPN connection
2025-04-29 16:43:12 - darkweb.app - INFO - Initializing VPN connection
2025-04-29 16:43:13 - darkweb.app - INFO - VPN status: True
2025-04-29 16:43:13 - darkweb.app - INFO - VPN status: True
2025-04-29 16:43:14 - darkweb - INFO - Dark Web Monitoring Tool starting up
2025-04-29 16:43:14 - darkweb - INFO - Log level: INFO
2025-04-29 16:43:14 - darkweb - INFO - Development mode: True
2025-04-29 16:43:14 - darkweb - INFO - I2P module loaded successfully
2025-04-29 16:43:14 - darkweb - INFO - Freenet module loaded successfully
2025-04-29 16:43:14 - darkweb - INFO - TAILS module loaded successfully
2025-04-29 16:43:14 - darkweb.app - INFO - Starting Dark Web Monitoring API
2025-04-29 16:43:14 - darkweb.app - INFO - Starting Dark Web Monitoring API
2025-04-29 16:43:14 - darkweb.app - INFO - Initializing VPN connection
2025-04-29 16:43:14 - darkweb.app - INFO - Initializing VPN connection
2025-04-29 16:43:15 - darkweb.app - INFO - VPN status: True
2025-04-29 16:43:15 - darkweb.app - INFO - VPN status: True
2025-04-29 16:44:00 - darkweb - INFO - Dark Web Monitoring Tool starting up
2025-04-29 16:44:00 - darkweb - INFO - Log level: INFO
2025-04-29 16:44:00 - darkweb - INFO - Development mode: True
2025-04-29 16:44:01 - darkweb - INFO - I2P module loaded successfully
2025-04-29 16:44:01 - darkweb - INFO - Freenet module loaded successfully
2025-04-29 16:44:01 - darkweb - INFO - TAILS module loaded successfully
2025-04-29 16:44:01 - darkweb.app - INFO - Starting Dark Web Monitoring API
2025-04-29 16:44:01 - darkweb.app - INFO - Starting Dark Web Monitoring API
2025-04-29 16:44:01 - darkweb.app - INFO - Initializing VPN connection
2025-04-29 16:44:01 - darkweb.app - INFO - Initializing VPN connection
2025-04-29 16:44:02 - darkweb.app - INFO - VPN status: True
2025-04-29 16:44:02 - darkweb.app - INFO - VPN status: True
2025-04-29 16:44:02 - darkweb - INFO - Dark Web Monitoring Tool starting up
2025-04-29 16:44:02 - darkweb - INFO - Log level: INFO
2025-04-29 16:44:02 - darkweb - INFO - Development mode: True
2025-04-29 16:44:03 - darkweb - INFO - I2P module loaded successfully
2025-04-29 16:44:03 - darkweb - INFO - Freenet module loaded successfully
2025-04-29 16:44:03 - darkweb - INFO - TAILS module loaded successfully
2025-04-29 16:44:03 - darkweb.app - INFO - Starting Dark Web Monitoring API
2025-04-29 16:44:03 - darkweb.app - INFO - Starting Dark Web Monitoring API
2025-04-29 16:44:03 - darkweb.app - INFO - Initializing VPN connection
2025-04-29 16:44:03 - darkweb.app - INFO - Initializing VPN connection
2025-04-29 16:44:04 - darkweb.app - INFO - VPN status: True
2025-04-29 16:44:04 - darkweb.app - INFO - VPN status: True
2025-04-29 16:49:03 - darkweb - INFO - Dark Web Monitoring Tool starting up
2025-04-29 16:49:03 - darkweb - INFO - Log level: INFO
2025-04-29 16:49:03 - darkweb - INFO - Development mode: True
2025-04-29 16:49:03 - darkweb - INFO - I2P module loaded successfully
2025-04-29 16:49:03 - darkweb - INFO - Freenet module loaded successfully
2025-04-29 16:49:03 - darkweb - INFO - TAILS module loaded successfully
2025-04-29 16:49:03 - darkweb.app - INFO - Starting Dark Web Monitoring API
2025-04-29 16:49:03 - darkweb.app - INFO - Starting Dark Web Monitoring API
2025-04-29 16:49:03 - darkweb.app - INFO - Initializing VPN connection
2025-04-29 16:49:03 - darkweb.app - INFO - Initializing VPN connection
2025-04-29 16:49:04 - darkweb.app - INFO - VPN status: True
2025-04-29 16:49:04 - darkweb.app - INFO - VPN status: True
2025-04-29 16:49:05 - darkweb - INFO - Dark Web Monitoring Tool starting up
2025-04-29 16:49:05 - darkweb - INFO - Log level: INFO
2025-04-29 16:49:05 - darkweb - INFO - Development mode: True
2025-04-29 16:49:05 - darkweb - INFO - I2P module loaded successfully
2025-04-29 16:49:05 - darkweb - INFO - Freenet module loaded successfully
2025-04-29 16:49:05 - darkweb - INFO - TAILS module loaded successfully
2025-04-29 16:49:05 - darkweb.app - INFO - Starting Dark Web Monitoring API
2025-04-29 16:49:05 - darkweb.app - INFO - Starting Dark Web Monitoring API
2025-04-29 16:49:05 - darkweb.app - INFO - Initializing VPN connection
2025-04-29 16:49:05 - darkweb.app - INFO - Initializing VPN connection
2025-04-29 16:49:06 - darkweb.app - INFO - VPN status: True
2025-04-29 16:49:06 - darkweb.app - INFO - VPN status: True
2025-04-29 16:52:50 - darkweb - INFO - Dark Web Monitoring Tool starting up
2025-04-29 16:52:50 - darkweb - INFO - Log level: INFO
2025-04-29 16:52:50 - darkweb - INFO - Development mode: True
2025-04-29 16:52:51 - darkweb - INFO - I2P module loaded successfully
2025-04-29 16:52:51 - darkweb - INFO - Freenet module loaded successfully
2025-04-29 16:52:51 - darkweb - INFO - TAILS module loaded successfully
2025-04-29 16:52:51 - darkweb.app - INFO - Starting Dark Web Monitoring API
2025-04-29 16:52:51 - darkweb.app - INFO - Starting Dark Web Monitoring API
2025-04-29 16:52:51 - darkweb.app - INFO - Initializing VPN connection
2025-04-29 16:52:51 - darkweb.app - INFO - Initializing VPN connection
2025-04-29 16:52:52 - darkweb.app - INFO - VPN status: True
2025-04-29 16:52:52 - darkweb.app - INFO - VPN status: True
2025-04-29 16:52:53 - darkweb - INFO - Dark Web Monitoring Tool starting up
2025-04-29 16:52:53 - darkweb - INFO - Log level: INFO
2025-04-29 16:52:53 - darkweb - INFO - Development mode: True
2025-04-29 16:52:53 - darkweb - INFO - I2P module loaded successfully
2025-04-29 16:52:53 - darkweb - INFO - Freenet module loaded successfully
2025-04-29 16:52:53 - darkweb - INFO - TAILS module loaded successfully
2025-04-29 16:52:53 - darkweb.app - INFO - Starting Dark Web Monitoring API
2025-04-29 16:52:53 - darkweb.app - INFO - Starting Dark Web Monitoring API
2025-04-29 16:52:53 - darkweb.app - INFO - Initializing VPN connection
2025-04-29 16:52:53 - darkweb.app - INFO - Initializing VPN connection
2025-04-29 16:52:54 - darkweb.app - INFO - VPN status: True
2025-04-29 16:52:54 - darkweb.app - INFO - VPN status: True
